2022/11/30 01:47:56 [notice] 1#1: using the "epoll" event method
2022/11/30 01:47:56 [notice] 1#1: nginx/1.23.2
2022/11/30 01:47:56 [notice] 1#1: built by gcc 11.2.1 20220219 (Alpine 11.2.1_git20220219) 
2022/11/30 01:47:56 [notice] 1#1: OS: Linux 5.10.102.1-microsoft-standard-WSL2
2022/11/30 01:47:56 [notice] 1#1: getrlimit(RLIMIT_NOFILE): 1048576:1048576
2022/11/30 01:47:56 [notice] 1#1: start worker processes
2022/11/30 01:47:56 [notice] 1#1: start worker process 14
2022/11/30 01:47:56 [notice] 1#1: start worker process 15
2022/11/30 01:47:56 [notice] 1#1: start worker process 16
2022/11/30 01:47:56 [notice] 1#1: start worker process 17
2022/11/30 01:47:56 [notice] 1#1: start worker process 18
2022/11/30 01:47:56 [notice] 1#1: start worker process 19
2022/11/30 01:47:56 [notice] 1#1: start worker process 20
2022/11/30 01:47:56 [notice] 1#1: start worker process 21
2022/11/30 03:14:39 [notice] 1#1: signal 3 (SIGQUIT) received, shutting down
2022/11/30 03:14:39 [notice] 15#15: gracefully shutting down
2022/11/30 03:14:39 [notice] 14#14: gracefully shutting down
2022/11/30 03:14:39 [notice] 16#16: gracefully shutting down
2022/11/30 03:14:39 [notice] 17#17: gracefully shutting down
2022/11/30 03:14:39 [notice] 15#15: exiting
2022/11/30 03:14:39 [notice] 14#14: exiting
2022/11/30 03:14:39 [notice] 16#16: exiting
2022/11/30 03:14:39 [notice] 17#17: exiting
2022/11/30 03:14:39 [notice] 19#19: gracefully shutting down
2022/11/30 03:14:39 [notice] 18#18: gracefully shutting down
2022/11/30 03:14:39 [notice] 20#20: gracefully shutting down
2022/11/30 03:14:39 [notice] 21#21: gracefully shutting down
2022/11/30 03:14:39 [notice] 17#17: exit
2022/11/30 03:14:39 [notice] 16#16: exit
2022/11/30 03:14:39 [notice] 14#14: exit
2022/11/30 03:14:39 [notice] 15#15: exit
2022/11/30 03:14:39 [notice] 18#18: exiting
2022/11/30 03:14:39 [notice] 19#19: exiting
2022/11/30 03:14:39 [notice] 20#20: exiting
2022/11/30 03:14:39 [notice] 21#21: exiting
2022/11/30 03:14:39 [notice] 18#18: exit
2022/11/30 03:14:39 [notice] 19#19: exit
2022/11/30 03:14:39 [notice] 20#20: exit
2022/11/30 03:14:39 [notice] 21#21: exit
2022/11/30 03:14:39 [notice] 1#1: signal 17 (SIGCHLD) received from 14
2022/11/30 03:14:39 [notice] 1#1: worker process 14 exited with code 0
2022/11/30 03:14:39 [notice] 1#1: signal 29 (SIGIO) received
2022/11/30 03:14:39 [notice] 1#1: signal 17 (SIGCHLD) received from 18
2022/11/30 03:14:39 [notice] 1#1: worker process 17 exited with code 0
2022/11/30 03:14:39 [notice] 1#1: worker process 18 exited with code 0
2022/11/30 03:14:39 [notice] 1#1: signal 29 (SIGIO) received
2022/11/30 03:14:39 [notice] 1#1: signal 17 (SIGCHLD) received from 17
2022/11/30 03:14:39 [notice] 1#1: signal 17 (SIGCHLD) received from 19
2022/11/30 03:14:39 [notice] 1#1: worker process 19 exited with code 0
2022/11/30 03:14:39 [notice] 1#1: signal 29 (SIGIO) received
2022/11/30 03:14:39 [notice] 1#1: signal 17 (SIGCHLD) received from 15
2022/11/30 03:14:39 [notice] 1#1: worker process 15 exited with code 0
2022/11/30 03:14:39 [notice] 1#1: worker process 16 exited with code 0
2022/11/30 03:14:39 [notice] 1#1: worker process 20 exited with code 0
2022/11/30 03:14:39 [notice] 1#1: worker process 21 exited with code 0
2022/11/30 03:14:39 [notice] 1#1: exit
